2022-12-11 19:47:33 Found Password ==>mypassword<== in Decrypted Block ==>{
  "guid": "9eb<==
2022-12-11 19:47:33 Found Password ==>mypassword<== in Decrypted Block ==>{
  "guid": "9eb<==
2022-12-11 19:47:33 Found Password ==>mypassword<== in Decrypted Block ==>{
  "guid": "2ca<==
2022-12-11 19:47:34 Found Password ==>mypassword<== in Decrypted Block ==>{
  "guid": "2ca<==
2022-12-11 19:47:34 Found Password ==>mypassword<== in Decrypted Block ==>{
  "guid": "407<==
2022-12-11 19:47:34 Found Password ==>mypassword<== in Decrypted Block ==>{
  "guid": "407<==
2022-12-11 19:47:34 Found Password ==>SomeTestPassword<== in Decrypted Block ==>{
  "guid": "5f0<==
2022-12-11 19:47:35 Found Password ==>SomeTestPassword<== in Decrypted Block ==>{
  "guid": "5f0<==
2022-12-11 19:47:35 Found Password ==>SomeTestPassword<== in Decrypted Block ==>{
  "guid": "5f0<==
2022-12-11 19:47:35 Found Password ==>SomeTestPassword<== in Decrypted Block ==>{
  "guid": "5f0<==
2022-12-11 19:47:35 Found Password ==>SomeTestPassword<== in Decrypted Block ==>{
  "guid": "e5e<==
2022-12-11 19:47:36 Found Password ==>SomeTestPassword<== in Decrypted Block ==>{
  "guid": "e5e<==
2022-12-11 19:47:36 Found Password ==>SomeTestPassword<== in Decrypted Block ==>{
  "guid": "e5e<==
2022-12-11 19:47:36 Found Password ==>SomeTestPassword<== in Decrypted Block ==>{
  "guid": "e5e<==
2022-12-11 19:47:38 Possible Password ==>btcr-test-password<== in Decrypted Block ==>{
	"guid" : "9bb<==
2022-12-11 19:47:38 Found Password ==>btcr-test-password<== in Decrypted Block ==>{
	"guid" : "9bb<==
2022-12-11 19:47:39 Possible Password ==>btcr-test-password<== in Decrypted Block ==>{
	"guid" : "9bb<==
2022-12-11 19:47:39 Found Password ==>btcr-test-password<== in Decrypted Block ==>{
	"guid" : "9bb<==
2022-12-11 19:47:39 Possible Password ==>testblockchain<== in Decrypted Block ==>{"address_book":<==
2022-12-11 19:47:39 Found Password ==>testblockchain<== in Decrypted Block ==>{"address_book":<==
2022-12-11 19:47:39 Possible Password ==>testblockchain<== in Decrypted Block ==>{"address_book":<==
2022-12-11 19:47:39 Found Password ==>testblockchain<== in Decrypted Block ==>{"address_book":<==
2022-12-11 19:47:39 Possible Password ==>btcr-test-password<== in Decrypted Block ==>{
	"guid" : "9bb<==
2022-12-11 19:47:39 Found Password ==>btcr-test-password<== in Decrypted Block ==>{
	"guid" : "9bb<==
2022-12-11 19:47:40 Possible Password ==>btcr-test-password<== in Decrypted Block ==>{
	"guid" : "9bb<==
2022-12-11 19:47:40 Found Password ==>btcr-test-password<== in Decrypted Block ==>{
	"guid" : "9bb<==
2022-12-11 19:47:40 Possible Password ==>btcr-test-password<== in Decrypted Block ==>{
	"guid" : "9bb<==
2022-12-11 19:47:40 Found Password ==>btcr-test-password<== in Decrypted Block ==>{
	"guid" : "9bb<==
2022-12-11 19:47:40 Possible Password ==>btcr-test-password<== in Decrypted Block ==>{
	"guid" : "9bb<==
2022-12-11 19:47:40 Found Password ==>btcr-test-password<== in Decrypted Block ==>{
	"guid" : "9bb<==
2022-12-11 19:47:40 Possible Password ==>btcr-test-password<== in Decrypted Block ==>{
	"guid" : "9bb<==
2022-12-11 19:47:40 Found Password ==>btcr-test-password<== in Decrypted Block ==>{
	"guid" : "9bb<==
2022-12-11 19:47:41 Possible Password ==>btcr-test-password<== in Decrypted Block ==>{
	"guid" : "9bb<==
2022-12-11 19:47:41 Found Password ==>btcr-test-password<== in Decrypted Block ==>{
	"guid" : "9bb<==
2022-12-11 19:47:41 Possible Password ==>btcr-test-password<== in Decrypted Block ==>{"tx_notes":{},"<==
2022-12-11 19:47:41 Found Password ==>btcr-test-password<== in Decrypted Block ==>{"tx_notes":{},"<==
2022-12-11 19:47:41 Possible Password ==>btcr-test-password<== in Decrypted Block ==>{"tx_notes":{},"<==
2022-12-11 19:47:41 Found Password ==>btcr-test-password<== in Decrypted Block ==>{"tx_notes":{},"<==
2022-12-11 19:47:41 Possible Password ==>Testing123!<== in Decrypted Block ==>{"double_encrypt<==
2022-12-11 19:47:41 Found Password ==>Testing123!<== in Decrypted Block ==>{"double_encrypt<==
2022-12-11 19:47:41 Possible Password ==>Testing123!<== in Decrypted Block ==>{"double_encrypt<==
2022-12-11 19:47:41 Found Password ==>Testing123!<== in Decrypted Block ==>{"double_encrypt<==
2022-12-11 19:47:41 Possible Password ==>btcr-test-password<== in Decrypted Block ==>{"tx_notes":{},"<==
2022-12-11 19:47:41 Found Password ==>btcr-test-password<== in Decrypted Block ==>{"tx_notes":{},"<==
2022-12-11 19:47:42 Possible Password ==>btcr-test-password<== in Decrypted Block ==>{"tx_notes":{},"<==
2022-12-11 19:47:42 Found Password ==>btcr-test-password<== in Decrypted Block ==>{"tx_notes":{},"<==
2022-12-11 19:47:42 Possible Password ==>btcr-test-password<== in Decrypted Block ==>{"tx_notes":{},"<==
2022-12-11 19:47:42 Found Password ==>btcr-test-password<== in Decrypted Block ==>{"tx_notes":{},"<==
2022-12-11 19:47:42 Possible Password ==>btcr-test-password<== in Decrypted Block ==>{"tx_notes":{},"<==
2022-12-11 19:47:42 Found Password ==>btcr-test-password<== in Decrypted Block ==>{"tx_notes":{},"<==
2022-12-11 19:47:44 Possible Password ==>btcr-test-password<== in Decrypted Block ==>{"guid":"5250055<==
2022-12-11 19:47:44 Found Password ==>btcr-test-password<== in Decrypted Block ==>{"guid":"5250055<==
2022-12-11 19:47:44 Possible Password ==>btcr-test-password<== in Decrypted Block ==>{"guid":"5250055<==
2022-12-11 19:47:44 Found Password ==>btcr-test-password<== in Decrypted Block ==>{"guid":"5250055<==
2022-12-11 19:48:01 Possible Password ==>btcr-test-password<== in Decrypted Block ==>[{"type":"HD Key<==
2022-12-11 19:48:01 Found Password ==>btcr-test-password<== in Decrypted Block ==>[{"type":"HD Key<==
2022-12-11 19:48:01 Possible Password ==>btcr-test-password<== in Decrypted Block ==>[{"type":"HD Key<==
2022-12-11 19:48:01 Found Password ==>btcr-test-password<== in Decrypted Block ==>[{"type":"HD Key<==
2022-12-11 19:48:01 Possible Password ==>btcr-test-password<== in Decrypted Block ==>[{"type":"HD Key<==
2022-12-11 19:48:01 Found Password ==>btcr-test-password<== in Decrypted Block ==>[{"type":"HD Key<==
2022-12-11 19:48:01 Possible Password ==>btcr-test-password<== in Decrypted Block ==>[{"type":"HD Key<==
2022-12-11 19:48:01 Found Password ==>btcr-test-password<== in Decrypted Block ==>[{"type":"HD Key<==
2022-12-11 19:48:01 Possible Password ==>btcr-test-password<== in Decrypted Block ==>[{"type":"HD Key<==
2022-12-11 19:48:01 Found Password ==>btcr-test-password<== in Decrypted Block ==>[{"type":"HD Key<==
2022-12-11 19:48:02 Possible Password ==>btcr-test-password<== in Decrypted Block ==>[{"type":"HD Key<==
2022-12-11 19:48:02 Found Password ==>btcr-test-password<== in Decrypted Block ==>[{"type":"HD Key<==
2022-12-11 19:48:26 Possible Password ==>BTCR-test-passw0rd<== in Decrypted Block ==>{"version":"v2",<==
2022-12-11 19:48:26 Found Password ==>BTCR-test-passw0rd<== in Decrypted Block ==>{"version":"v2",<==
2022-12-11 19:48:27 Possible Password ==>BTCR-test-passw0rd<== in Decrypted Block ==>{"version":"v2",<==
2022-12-11 19:48:27 Found Password ==>BTCR-test-passw0rd<== in Decrypted Block ==>{"version":"v2",<==
2022-12-11 19:48:27 Possible Password ==>btcr-test-password<== in Decrypted Block ==>[{"type":"HD Key<==
2022-12-11 19:48:27 Found Password ==>btcr-test-password<== in Decrypted Block ==>[{"type":"HD Key<==
2022-12-11 19:48:27 Possible Password ==>btcr-test-password<== in Decrypted Block ==>[{"type":"HD Key<==
2022-12-11 19:48:27 Found Password ==>btcr-test-password<== in Decrypted Block ==>[{"type":"HD Key<==
2022-12-11 19:48:27 Possible Password ==>btcr-test-password<== in Decrypted Block ==>"{\"mnemonic\":\<==
2022-12-11 19:48:27 Found Password ==>btcr-test-password<== in Decrypted Block ==>"{\"mnemonic\":\<==
2022-12-11 19:48:27 Possible Password ==>btcr-test-password<== in Decrypted Block ==>"{\"mnemonic\":\<==
2022-12-11 19:48:27 Found Password ==>btcr-test-password<== in Decrypted Block ==>"{\"mnemonic\":\<==
2022-12-11 19:48:27 Possible Password ==>btcr-test-password<== in Decrypted Block ==>[{"type":"HD Key<==
2022-12-11 19:48:27 Found Password ==>btcr-test-password<== in Decrypted Block ==>[{"type":"HD Key<==
2022-12-11 19:48:28 Possible Password ==>btcr-test-password<== in Decrypted Block ==>[{"type":"HD Key<==
2022-12-11 19:48:28 Found Password ==>btcr-test-password<== in Decrypted Block ==>[{"type":"HD Key<==
2022-12-11 19:48:51 Possible Password ==>btcr-test-password<== in Decrypted Block ==>{
	"guid" : "9bb<==
2022-12-11 19:48:51 Found Password ==>btcr-test-password<== in Decrypted Block ==>{
	"guid" : "9bb<==
2022-12-11 19:48:51 Possible Password ==>btcr-test-password<== in Decrypted Block ==>{
	"guid" : "9bb<==
2022-12-11 19:48:51 Found Password ==>btcr-test-password<== in Decrypted Block ==>{
	"guid" : "9bb<==
2022-12-11 19:48:51 Possible Password ==>btcr-тест-пароль<== in Decrypted Block ==>{
	"guid" : "430<==
2022-12-11 19:48:51 Found Password ==>btcr-тест-пароль<== in Decrypted Block ==>{
	"guid" : "430<==
2022-12-11 19:48:51 Possible Password ==>btcr-тест-пароль<== in Decrypted Block ==>{
	"guid" : "430<==
2022-12-11 19:48:51 Found Password ==>btcr-тест-пароль<== in Decrypted Block ==>{
	"guid" : "430<==
2022-12-11 19:48:52 Possible Password ==>btcr-test-password<== in Decrypted Block ==>{
	"guid" : "9bb<==
2022-12-11 19:48:52 Found Password ==>btcr-test-password<== in Decrypted Block ==>{
	"guid" : "9bb<==
2022-12-11 19:48:52 Possible Password ==>btcr-test-password<== in Decrypted Block ==>{
	"guid" : "9bb<==
2022-12-11 19:48:52 Found Password ==>btcr-test-password<== in Decrypted Block ==>{
	"guid" : "9bb<==
2022-12-11 19:48:52 Possible Password ==>btcr-test-password<== in Decrypted Block ==>{"tx_notes":{},"<==
2022-12-11 19:48:52 Found Password ==>btcr-test-password<== in Decrypted Block ==>{"tx_notes":{},"<==
2022-12-11 19:48:52 Possible Password ==>BTCR-test-passw0rd<== in Decrypted Block ==>{"version":"v2",<==
2022-12-11 19:48:52 Found Password ==>BTCR-test-passw0rd<== in Decrypted Block ==>{"version":"v2",<==
2022-12-11 19:48:52 Possible Password ==>btcr-test-password<== in Decrypted Block ==>[{"type":"HD Key<==
2022-12-11 19:48:52 Found Password ==>btcr-test-password<== in Decrypted Block ==>[{"type":"HD Key<==
2022-12-11 19:48:52 Possible Password ==>btcr-test-password<== in Decrypted Block ==>[{"type":"HD Key<==
2022-12-11 19:48:52 Found Password ==>btcr-test-password<== in Decrypted Block ==>[{"type":"HD Key<==
2022-12-11 19:48:52 Possible Password ==>btcr-test-password<== in Decrypted Block ==>[{"type":"HD Key<==
2022-12-11 19:48:52 Found Password ==>btcr-test-password<== in Decrypted Block ==>[{"type":"HD Key<==
2022-12-11 19:48:52 Possible Password ==>btcr-test-password<== in Decrypted Block ==>"{\"mnemonic\":\<==
2022-12-11 19:48:52 Found Password ==>btcr-test-password<== in Decrypted Block ==>"{\"mnemonic\":\<==
2022-12-11 19:54:22 Found Password ==>mypassword<== in Decrypted Block ==>{
  "guid": "9eb<==
2022-12-11 19:54:23 Found Password ==>mypassword<== in Decrypted Block ==>{
  "guid": "9eb<==
2022-12-11 19:54:23 Found Password ==>mypassword<== in Decrypted Block ==>{
  "guid": "2ca<==
2022-12-11 19:54:23 Found Password ==>mypassword<== in Decrypted Block ==>{
  "guid": "2ca<==
2022-12-11 19:54:23 Found Password ==>mypassword<== in Decrypted Block ==>{
  "guid": "407<==
2022-12-11 19:54:23 Found Password ==>mypassword<== in Decrypted Block ==>{
  "guid": "407<==
2022-12-11 19:54:24 Found Password ==>SomeTestPassword<== in Decrypted Block ==>{
  "guid": "5f0<==
2022-12-11 19:54:24 Found Password ==>SomeTestPassword<== in Decrypted Block ==>{
  "guid": "5f0<==
2022-12-11 19:54:25 Found Password ==>SomeTestPassword<== in Decrypted Block ==>{
  "guid": "5f0<==
2022-12-11 19:54:25 Found Password ==>SomeTestPassword<== in Decrypted Block ==>{
  "guid": "5f0<==
2022-12-11 19:54:25 Found Password ==>SomeTestPassword<== in Decrypted Block ==>{
  "guid": "e5e<==
2022-12-11 19:54:25 Found Password ==>SomeTestPassword<== in Decrypted Block ==>{
  "guid": "e5e<==
2022-12-11 19:54:26 Found Password ==>SomeTestPassword<== in Decrypted Block ==>{
  "guid": "e5e<==
2022-12-11 19:54:26 Found Password ==>SomeTestPassword<== in Decrypted Block ==>{
  "guid": "e5e<==
2022-12-11 19:54:31 Possible Password ==>btcr-test-password<== in Decrypted Block ==>{
	"guid" : "9bb<==
2022-12-11 19:54:31 Found Password ==>btcr-test-password<== in Decrypted Block ==>{
	"guid" : "9bb<==
2022-12-11 19:54:31 Possible Password ==>btcr-test-password<== in Decrypted Block ==>{
	"guid" : "9bb<==
2022-12-11 19:54:31 Found Password ==>btcr-test-password<== in Decrypted Block ==>{
	"guid" : "9bb<==
2022-12-11 19:54:31 Possible Password ==>testblockchain<== in Decrypted Block ==>{"address_book":<==
2022-12-11 19:54:31 Found Password ==>testblockchain<== in Decrypted Block ==>{"address_book":<==
2022-12-11 19:54:32 Possible Password ==>testblockchain<== in Decrypted Block ==>{"address_book":<==
2022-12-11 19:54:32 Found Password ==>testblockchain<== in Decrypted Block ==>{"address_book":<==
2022-12-11 19:54:32 Possible Password ==>btcr-test-password<== in Decrypted Block ==>{
	"guid" : "9bb<==
2022-12-11 19:54:32 Found Password ==>btcr-test-password<== in Decrypted Block ==>{
	"guid" : "9bb<==
2022-12-11 19:54:32 Possible Password ==>btcr-test-password<== in Decrypted Block ==>{
	"guid" : "9bb<==
2022-12-11 19:54:32 Found Password ==>btcr-test-password<== in Decrypted Block ==>{
	"guid" : "9bb<==
2022-12-11 19:54:32 Possible Password ==>btcr-test-password<== in Decrypted Block ==>{
	"guid" : "9bb<==
2022-12-11 19:54:32 Found Password ==>btcr-test-password<== in Decrypted Block ==>{
	"guid" : "9bb<==
2022-12-11 19:54:33 Possible Password ==>btcr-test-password<== in Decrypted Block ==>{
	"guid" : "9bb<==
2022-12-11 19:54:33 Found Password ==>btcr-test-password<== in Decrypted Block ==>{
	"guid" : "9bb<==
2022-12-11 19:54:33 Possible Password ==>btcr-test-password<== in Decrypted Block ==>{
	"guid" : "9bb<==
2022-12-11 19:54:33 Found Password ==>btcr-test-password<== in Decrypted Block ==>{
	"guid" : "9bb<==
2022-12-11 19:54:33 Possible Password ==>btcr-test-password<== in Decrypted Block ==>{
	"guid" : "9bb<==
2022-12-11 19:54:33 Found Password ==>btcr-test-password<== in Decrypted Block ==>{
	"guid" : "9bb<==
2022-12-11 19:54:34 Possible Password ==>btcr-test-password<== in Decrypted Block ==>{"tx_notes":{},"<==
2022-12-11 19:54:34 Found Password ==>btcr-test-password<== in Decrypted Block ==>{"tx_notes":{},"<==
2022-12-11 19:54:34 Possible Password ==>btcr-test-password<== in Decrypted Block ==>{"tx_notes":{},"<==
2022-12-11 19:54:34 Found Password ==>btcr-test-password<== in Decrypted Block ==>{"tx_notes":{},"<==
2022-12-11 19:54:34 Possible Password ==>Testing123!<== in Decrypted Block ==>{"double_encrypt<==
2022-12-11 19:54:34 Found Password ==>Testing123!<== in Decrypted Block ==>{"double_encrypt<==
2022-12-11 19:54:35 Possible Password ==>Testing123!<== in Decrypted Block ==>{"double_encrypt<==
2022-12-11 19:54:35 Found Password ==>Testing123!<== in Decrypted Block ==>{"double_encrypt<==
2022-12-11 19:54:35 Possible Password ==>btcr-test-password<== in Decrypted Block ==>{"tx_notes":{},"<==
2022-12-11 19:54:35 Found Password ==>btcr-test-password<== in Decrypted Block ==>{"tx_notes":{},"<==
2022-12-11 19:54:35 Possible Password ==>btcr-test-password<== in Decrypted Block ==>{"tx_notes":{},"<==
2022-12-11 19:54:35 Found Password ==>btcr-test-password<== in Decrypted Block ==>{"tx_notes":{},"<==
2022-12-11 19:54:35 Possible Password ==>btcr-test-password<== in Decrypted Block ==>{"tx_notes":{},"<==
2022-12-11 19:54:35 Found Password ==>btcr-test-password<== in Decrypted Block ==>{"tx_notes":{},"<==
2022-12-11 19:54:36 Possible Password ==>btcr-test-password<== in Decrypted Block ==>{"tx_notes":{},"<==
2022-12-11 19:54:36 Found Password ==>btcr-test-password<== in Decrypted Block ==>{"tx_notes":{},"<==
2022-12-11 19:54:38 Possible Password ==>btcr-test-password<== in Decrypted Block ==>{"guid":"5250055<==
2022-12-11 19:54:38 Found Password ==>btcr-test-password<== in Decrypted Block ==>{"guid":"5250055<==
2022-12-11 19:54:38 Possible Password ==>btcr-test-password<== in Decrypted Block ==>{"guid":"5250055<==
2022-12-11 19:54:38 Found Password ==>btcr-test-password<== in Decrypted Block ==>{"guid":"5250055<==
